2018-01-21 11:40:00.402 ERROR 14904 --- [main] o.s.b.l.LoggingApplicationListener       : Cannot set level: warn   for 'com.xiaofangtech.sunt.helper'
2018-01-21 11:40:00.407 ERROR 14904 --- [main] o.s.b.l.LoggingApplicationListener       : Cannot set level: debug   for 'com.xiaofangtech.sunt.controller'
2018-01-21 11:40:00.495  INFO 14904 --- [main] c.w.monitor.AirtightMontior1Application  : Starting AirtightMontior1Application on K73K9HLCR00JKHR with PID 14904 (D:\git\AirtightMontior-1\target\classes started by Administrator in D:\git\AirtightMontior-1)
2018-01-21 11:40:00.495  INFO 14904 --- [main] c.w.monitor.AirtightMontior1Application  : No active profile set, falling back to default profiles: default
2018-01-21 11:40:00.554  INFO 14904 --- [main] ationConfigEmbeddedWebApplicationContext : Refreshing org.springframework.boot.context.embedded.AnnotationConfigEmbeddedWebApplicationContext@c8e4bb0: startup date [Sun Jan 21 11:40:00 CST 2018]; root of context hierarchy
2018-01-21 11:40:02.023  INFO 14904 --- [main] s.b.c.e.t.TomcatEmbeddedServletContainer : Tomcat initialized with port(s): 8080 (http)
2018-01-21 11:40:02.042  INFO 14904 --- [main] o.apache.catalina.core.StandardService   : Starting service [Tomcat]
2018-01-21 11:40:02.043  INFO 14904 --- [main] org.apache.catalina.core.StandardEngine  : Starting Servlet Engine: Apache Tomcat/8.5.23
2018-01-21 11:40:02.259  WARN 14904 --- [localhost-startStop-1] o.a.tomcat.util.scan.StandardJarScanner  : Failed to scan [file:/E:/MyRepository/xalan/xalan/2.7.2/xercesImpl.jar] from classloader hierarchy

java.io.FileNotFoundException: E:\MyRepository\xalan\xalan\2.7.2\xercesImpl.jar (系统找不到指定的文件。)
	at java.util.zip.ZipFile.open(Native Method) ~[na:1.8.0_151]
	at java.util.zip.ZipFile.<init>(ZipFile.java:225) ~[na:1.8.0_151]
	at java.util.zip.ZipFile.<init>(ZipFile.java:155) ~[na:1.8.0_151]
	at java.util.jar.JarFile.<init>(JarFile.java:166) ~[na:1.8.0_151]
	at java.util.jar.JarFile.<init>(JarFile.java:130) ~[na:1.8.0_151]
	at org.apache.tomcat.util.scan.JarFileUrlJar.<init>(JarFileUrlJar.java:60) ~[tomcat-embed-core-8.5.23.jar:8.5.23]
	at org.apache.tomcat.util.scan.JarFactory.newInstance(JarFactory.java:49) ~[tomcat-embed-core-8.5.23.jar:8.5.23]
	at org.apache.tomcat.util.scan.StandardJarScanner.process(StandardJarScanner.java:338) ~[tomcat-embed-core-8.5.23.jar:8.5.23]
	at org.apache.tomcat.util.scan.StandardJarScanner.scan(StandardJarScanner.java:288) ~[tomcat-embed-core-8.5.23.jar:8.5.23]
	at org.apache.jasper.servlet.TldScanner.scanJars(TldScanner.java:262) [tomcat-embed-jasper-8.5.23.jar:8.5.23]
	at org.apache.jasper.servlet.TldScanner.scan(TldScanner.java:104) [tomcat-embed-jasper-8.5.23.jar:8.5.23]
	at org.apache.jasper.servlet.JasperInitializer.onStartup(JasperInitializer.java:101) [tomcat-embed-jasper-8.5.23.jar:8.5.23]
	at org.apache.catalina.core.StandardContext.startInternal(StandardContext.java:5196) [tomcat-embed-core-8.5.23.jar:8.5.23]
	at org.apache.catalina.util.LifecycleBase.start(LifecycleBase.java:150) [tomcat-embed-core-8.5.23.jar:8.5.23]
	at org.apache.catalina.core.ContainerBase$StartChild.call(ContainerBase.java:1419) [tomcat-embed-core-8.5.23.jar:8.5.23]
	at org.apache.catalina.core.ContainerBase$StartChild.call(ContainerBase.java:1409) [tomcat-embed-core-8.5.23.jar:8.5.23]
	at java.util.concurrent.FutureTask.run(FutureTask.java:266) [na:1.8.0_151]
	at java.util.concurrent.ThreadPoolExecutor.runWorker(ThreadPoolExecutor.java:1149) [na:1.8.0_151]
	at java.util.concurrent.ThreadPoolExecutor$Worker.run(ThreadPoolExecutor.java:624) [na:1.8.0_151]
	at java.lang.Thread.run(Thread.java:748) [na:1.8.0_151]

2018-01-21 11:40:02.260  WARN 14904 --- [localhost-startStop-1] o.a.tomcat.util.scan.StandardJarScanner  : Failed to scan [file:/E:/MyRepository/xalan/xalan/2.7.2/xml-apis.jar] from classloader hierarchy

java.io.FileNotFoundException: E:\MyRepository\xalan\xalan\2.7.2\xml-apis.jar (系统找不到指定的文件。)
	at java.util.zip.ZipFile.open(Native Method) ~[na:1.8.0_151]
	at java.util.zip.ZipFile.<init>(ZipFile.java:225) ~[na:1.8.0_151]
	at java.util.zip.ZipFile.<init>(ZipFile.java:155) ~[na:1.8.0_151]
	at java.util.jar.JarFile.<init>(JarFile.java:166) ~[na:1.8.0_151]
	at java.util.jar.JarFile.<init>(JarFile.java:130) ~[na:1.8.0_151]
	at org.apache.tomcat.util.scan.JarFileUrlJar.<init>(JarFileUrlJar.java:60) ~[tomcat-embed-core-8.5.23.jar:8.5.23]
	at org.apache.tomcat.util.scan.JarFactory.newInstance(JarFactory.java:49) ~[tomcat-embed-core-8.5.23.jar:8.5.23]
	at org.apache.tomcat.util.scan.StandardJarScanner.process(StandardJarScanner.java:338) ~[tomcat-embed-core-8.5.23.jar:8.5.23]
	at org.apache.tomcat.util.scan.StandardJarScanner.scan(StandardJarScanner.java:288) ~[tomcat-embed-core-8.5.23.jar:8.5.23]
	at org.apache.jasper.servlet.TldScanner.scanJars(TldScanner.java:262) [tomcat-embed-jasper-8.5.23.jar:8.5.23]
	at org.apache.jasper.servlet.TldScanner.scan(TldScanner.java:104) [tomcat-embed-jasper-8.5.23.jar:8.5.23]
	at org.apache.jasper.servlet.JasperInitializer.onStartup(JasperInitializer.java:101) [tomcat-embed-jasper-8.5.23.jar:8.5.23]
	at org.apache.catalina.core.StandardContext.startInternal(StandardContext.java:5196) [tomcat-embed-core-8.5.23.jar:8.5.23]
	at org.apache.catalina.util.LifecycleBase.start(LifecycleBase.java:150) [tomcat-embed-core-8.5.23.jar:8.5.23]
	at org.apache.catalina.core.ContainerBase$StartChild.call(ContainerBase.java:1419) [tomcat-embed-core-8.5.23.jar:8.5.23]
	at org.apache.catalina.core.ContainerBase$StartChild.call(ContainerBase.java:1409) [tomcat-embed-core-8.5.23.jar:8.5.23]
	at java.util.concurrent.FutureTask.run(FutureTask.java:266) [na:1.8.0_151]
	at java.util.concurrent.ThreadPoolExecutor.runWorker(ThreadPoolExecutor.java:1149) [na:1.8.0_151]
	at java.util.concurrent.ThreadPoolExecutor$Worker.run(ThreadPoolExecutor.java:624) [na:1.8.0_151]
	at java.lang.Thread.run(Thread.java:748) [na:1.8.0_151]

2018-01-21 11:40:02.262  WARN 14904 --- [localhost-startStop-1] o.a.tomcat.util.scan.StandardJarScanner  : Failed to scan [file:/E:/MyRepository/xalan/xalan/2.7.2/serializer.jar] from classloader hierarchy

java.io.FileNotFoundException: E:\MyRepository\xalan\xalan\2.7.2\serializer.jar (系统找不到指定的文件。)
	at java.util.zip.ZipFile.open(Native Method) ~[na:1.8.0_151]
	at java.util.zip.ZipFile.<init>(ZipFile.java:225) ~[na:1.8.0_151]
	at java.util.zip.ZipFile.<init>(ZipFile.java:155) ~[na:1.8.0_151]
	at java.util.jar.JarFile.<init>(JarFile.java:166) ~[na:1.8.0_151]
	at java.util.jar.JarFile.<init>(JarFile.java:130) ~[na:1.8.0_151]
	at org.apache.tomcat.util.scan.JarFileUrlJar.<init>(JarFileUrlJar.java:60) ~[tomcat-embed-core-8.5.23.jar:8.5.23]
	at org.apache.tomcat.util.scan.JarFactory.newInstance(JarFactory.java:49) ~[tomcat-embed-core-8.5.23.jar:8.5.23]
	at org.apache.tomcat.util.scan.StandardJarScanner.process(StandardJarScanner.java:338) ~[tomcat-embed-core-8.5.23.jar:8.5.23]
	at org.apache.tomcat.util.scan.StandardJarScanner.scan(StandardJarScanner.java:288) ~[tomcat-embed-core-8.5.23.jar:8.5.23]
	at org.apache.jasper.servlet.TldScanner.scanJars(TldScanner.java:262) [tomcat-embed-jasper-8.5.23.jar:8.5.23]
	at org.apache.jasper.servlet.TldScanner.scan(TldScanner.java:104) [tomcat-embed-jasper-8.5.23.jar:8.5.23]
	at org.apache.jasper.servlet.JasperInitializer.onStartup(JasperInitializer.java:101) [tomcat-embed-jasper-8.5.23.jar:8.5.23]
	at org.apache.catalina.core.StandardContext.startInternal(StandardContext.java:5196) [tomcat-embed-core-8.5.23.jar:8.5.23]
	at org.apache.catalina.util.LifecycleBase.start(LifecycleBase.java:150) [tomcat-embed-core-8.5.23.jar:8.5.23]
	at org.apache.catalina.core.ContainerBase$StartChild.call(ContainerBase.java:1419) [tomcat-embed-core-8.5.23.jar:8.5.23]
	at org.apache.catalina.core.ContainerBase$StartChild.call(ContainerBase.java:1409) [tomcat-embed-core-8.5.23.jar:8.5.23]
	at java.util.concurrent.FutureTask.run(FutureTask.java:266) [na:1.8.0_151]
	at java.util.concurrent.ThreadPoolExecutor.runWorker(ThreadPoolExecutor.java:1149) [na:1.8.0_151]
	at java.util.concurrent.ThreadPoolExecutor$Worker.run(ThreadPoolExecutor.java:624) [na:1.8.0_151]
	at java.lang.Thread.run(Thread.java:748) [na:1.8.0_151]

2018-01-21 11:40:02.262  WARN 14904 --- [localhost-startStop-1] o.a.tomcat.util.scan.StandardJarScanner  : Failed to scan [file:/E:/MyRepository/xalan/serializer/2.7.2/xml-apis.jar] from classloader hierarchy

java.io.FileNotFoundException: E:\MyRepository\xalan\serializer\2.7.2\xml-apis.jar (系统找不到指定的文件。)
	at java.util.zip.ZipFile.open(Native Method) ~[na:1.8.0_151]
	at java.util.zip.ZipFile.<init>(ZipFile.java:225) ~[na:1.8.0_151]
	at java.util.zip.ZipFile.<init>(ZipFile.java:155) ~[na:1.8.0_151]
	at java.util.jar.JarFile.<init>(JarFile.java:166) ~[na:1.8.0_151]
	at java.util.jar.JarFile.<init>(JarFile.java:130) ~[na:1.8.0_151]
	at org.apache.tomcat.util.scan.JarFileUrlJar.<init>(JarFileUrlJar.java:60) ~[tomcat-embed-core-8.5.23.jar:8.5.23]
	at org.apache.tomcat.util.scan.JarFactory.newInstance(JarFactory.java:49) ~[tomcat-embed-core-8.5.23.jar:8.5.23]
	at org.apache.tomcat.util.scan.StandardJarScanner.process(StandardJarScanner.java:338) ~[tomcat-embed-core-8.5.23.jar:8.5.23]
	at org.apache.tomcat.util.scan.StandardJarScanner.scan(StandardJarScanner.java:288) ~[tomcat-embed-core-8.5.23.jar:8.5.23]
	at org.apache.jasper.servlet.TldScanner.scanJars(TldScanner.java:262) [tomcat-embed-jasper-8.5.23.jar:8.5.23]
	at org.apache.jasper.servlet.TldScanner.scan(TldScanner.java:104) [tomcat-embed-jasper-8.5.23.jar:8.5.23]
	at org.apache.jasper.servlet.JasperInitializer.onStartup(JasperInitializer.java:101) [tomcat-embed-jasper-8.5.23.jar:8.5.23]
	at org.apache.catalina.core.StandardContext.startInternal(StandardContext.java:5196) [tomcat-embed-core-8.5.23.jar:8.5.23]
	at org.apache.catalina.util.LifecycleBase.start(LifecycleBase.java:150) [tomcat-embed-core-8.5.23.jar:8.5.23]
	at org.apache.catalina.core.ContainerBase$StartChild.call(ContainerBase.java:1419) [tomcat-embed-core-8.5.23.jar:8.5.23]
	at org.apache.catalina.core.ContainerBase$StartChild.call(ContainerBase.java:1409) [tomcat-embed-core-8.5.23.jar:8.5.23]
	at java.util.concurrent.FutureTask.run(FutureTask.java:266) [na:1.8.0_151]
	at java.util.concurrent.ThreadPoolExecutor.runWorker(ThreadPoolExecutor.java:1149) [na:1.8.0_151]
	at java.util.concurrent.ThreadPoolExecutor$Worker.run(ThreadPoolExecutor.java:624) [na:1.8.0_151]
	at java.lang.Thread.run(Thread.java:748) [na:1.8.0_151]

2018-01-21 11:40:02.271  INFO 14904 --- [localhost-startStop-1] org.apache.jasper.servlet.TldScanner     : At least one JAR was scanned for TLDs yet contained no TLDs. Enable debug logging for this logger for a complete list of JARs that were scanned but no TLDs were found in them. Skipping unneeded JARs during scanning can improve startup time and JSP compilation time.
2018-01-21 11:40:02.275  INFO 14904 --- [localhost-startStop-1] o.a.c.c.C.[Tomcat].[localhost].[/]       : Initializing Spring embedded WebApplicationContext
2018-01-21 11:40:02.276  INFO 14904 --- [localhost-startStop-1] o.s.web.context.ContextLoader            : Root WebApplicationContext: initialization completed in 1724 ms
2018-01-21 11:40:02.425  INFO 14904 --- [localhost-startStop-1] o.s.b.w.servlet.ServletRegistrationBean  : Mapping servlet: 'dispatcherServlet' to [/]
2018-01-21 11:40:02.428  INFO 14904 --- [localhost-startStop-1] o.s.b.w.servlet.FilterRegistrationBean   : Mapping filter: 'characterEncodingFilter' to: [/*]
2018-01-21 11:40:02.429  INFO 14904 --- [localhost-startStop-1] o.s.b.w.servlet.FilterRegistrationBean   : Mapping filter: 'hiddenHttpMethodFilter' to: [/*]
2018-01-21 11:40:02.429  INFO 14904 --- [localhost-startStop-1] o.s.b.w.servlet.FilterRegistrationBean   : Mapping filter: 'httpPutFormContentFilter' to: [/*]
2018-01-21 11:40:02.429  INFO 14904 --- [localhost-startStop-1] o.s.b.w.servlet.FilterRegistrationBean   : Mapping filter: 'requestContextFilter' to: [/*]
2018-01-21 11:40:03.268  INFO 14904 --- [main] s.w.s.m.m.a.RequestMappingHandlerAdapter : Looking for @ControllerAdvice: org.springframework.boot.context.embedded.AnnotationConfigEmbeddedWebApplicationContext@c8e4bb0: startup date [Sun Jan 21 11:40:00 CST 2018]; root of context hierarchy
2018-01-21 11:40:03.344  INFO 14904 --- [main] s.w.s.m.m.a.RequestMappingHandlerMapping : Mapped "{[/equipmentInfo/list]}" onto public java.lang.Object com.wz.monitor.controller.EquipmentInfoController.getData(com.wz.monitor.entity.EquipmentInfo)
2018-01-21 11:40:03.346  INFO 14904 --- [main] s.w.s.m.m.a.RequestMappingHandlerMapping : Mapped "{[/equipmentInfo/add]}" onto public java.lang.Object com.wz.monitor.controller.EquipmentInfoController.addData(com.wz.monitor.entity.EquipmentInfo)
2018-01-21 11:40:03.346  INFO 14904 --- [main] s.w.s.m.m.a.RequestMappingHandlerMapping : Mapped "{[/equipmentInfo/update]}" onto public java.lang.Object com.wz.monitor.controller.EquipmentInfoController.updateData(com.wz.monitor.entity.EquipmentInfo)
2018-01-21 11:40:03.347  INFO 14904 --- [main] s.w.s.m.m.a.RequestMappingHandlerMapping : Mapped "{[/equipmentInfo/getBarCode]}" onto public java.lang.Object com.wz.monitor.controller.EquipmentInfoController.getBarCode()
2018-01-21 11:40:03.348  INFO 14904 --- [main] s.w.s.m.m.a.RequestMappingHandlerMapping : Mapped "{[/airData/list]}" onto public java.lang.Object com.wz.monitor.controller.HmeAirtightDataController.getData(com.wz.monitor.entity.HmeAirtightData)
2018-01-21 11:40:03.350  INFO 14904 --- [main] s.w.s.m.m.a.RequestMappingHandlerMapping : Mapped "{[/error]}" onto public org.springframework.http.ResponseEntity<java.util.Map<java.lang.String, java.lang.Object>> org.springframework.boot.autoconfigure.web.BasicErrorController.error(javax.servlet.http.HttpServletRequest)
2018-01-21 11:40:03.351  INFO 14904 --- [main] s.w.s.m.m.a.RequestMappingHandlerMapping : Mapped "{[/error],produces=[text/html]}" onto public org.springframework.web.servlet.ModelAndView org.springframework.boot.autoconfigure.web.BasicErrorController.errorHtml(javax.servlet.http.HttpServletRequest,javax.servlet.http.HttpServletResponse)
2018-01-21 11:40:03.370  INFO 14904 --- [main] o.s.w.s.handler.SimpleUrlHandlerMapping  : Root mapping to handler of type [class org.springframework.web.servlet.mvc.ParameterizableViewController]
2018-01-21 11:40:03.387  INFO 14904 --- [main] o.s.w.s.handler.SimpleUrlHandlerMapping  : Mapped URL path [/**] onto handler of type [class org.springframework.web.servlet.resource.ResourceHttpRequestHandler]
2018-01-21 11:40:03.387  INFO 14904 --- [main] o.s.w.s.handler.SimpleUrlHandlerMapping  : Mapped URL path [/webjars/**] onto handler of type [class org.springframework.web.servlet.resource.ResourceHttpRequestHandler]
2018-01-21 11:40:03.443  INFO 14904 --- [main] o.s.w.s.handler.SimpleUrlHandlerMapping  : Mapped URL path [/**/favicon.ico] onto handler of type [class org.springframework.web.servlet.resource.ResourceHttpRequestHandler]
2018-01-21 11:40:03.685  INFO 14904 --- [main] o.s.j.e.a.AnnotationMBeanExporter        : Registering beans for JMX exposure on startup
2018-01-21 11:40:03.904  INFO 14904 --- [main] s.b.c.e.t.TomcatEmbeddedServletContainer : Tomcat started on port(s): 8080 (http)
2018-01-21 11:40:04.313  INFO 14904 --- [main] c.w.monitor.AirtightMontior1Application  : Started AirtightMontior1Application in 4.158 seconds (JVM running for 4.527)
2018-01-21 11:40:04.529  INFO 14904 --- [main] com.wz.monitor.ck.SerialPortMain         : COM1:已经打开
